<?xml version="1.0" encoding="UTF-8"?>
<!-- Generated by org.testng.reporters.JUnitReportReporter -->
<testsuite hostname="LAPTOP-BNJ2H6K5" failures="0" tests="4" name="testClass.LoginTest" time="24.034" errors="0" timestamp="2025-02-05T10:28:15 IST" skipped="0">
  <testcase classname="testClass.LoginTest" name="verifyCorrectUsernameAndPassword" time="4.853"/>
  <testcase classname="testClass.LoginTest" name="verifyCorrectUsernameAndInvalidPassword" time="6.592"/>
  <testcase classname="testClass.LoginTest" name="verifyInvalidUsernameAndCorrectPassword" time="9.138"/>
  <testcase classname="testClass.LoginTest" name="verifyInvalidUsernameAndPassword" time="3.451"/>
</testsuite> <!-- testClass.LoginTest -->
