<?xml version="1.0" encoding="UTF-8"?>
<!-- Generated by org.testng.reporters.JUnitReportReporter -->
<testsuite hostname="LAPTOP-BNJ2H6K5" failures="0" tests="1" name="testClass.ManageNewsTest" time="9.365" errors="0" timestamp="2025-01-29T15:19:26 IST" skipped="0">
  <testcase classname="testClass.ManageNewsTest" name="verifyUserIsAbleToCreateNews" time="9.365"/>
  <system-out/>
</testsuite> <!-- testClass.ManageNewsTest -->
