<?xml version="1.0" encoding="UTF-8"?>
<!-- Generated by org.testng.reporters.JUnitReportReporter -->
<testsuite hostname="LAPTOP-BNJ2H6K5" failures="0" tests="1" name="testClass.CategoryTest" time="10.471" errors="0" timestamp="2025-01-28T20:27:26 IST" skipped="0">
  <testcase classname="testClass.CategoryTest" name="verifyUserIsAbleToDeleteCategory" time="10.471"/>
  <system-out/>
</testsuite> <!-- testClass.CategoryTest -->
