<?xml version="1.0" encoding="UTF-8"?>
<!-- Generated by org.testng.reporters.JUnitReportReporter -->
<testsuite hostname="LAPTOP-BNJ2H6K5" failures="0" tests="1" name="testClass.SubCategoryTest" time="7.449" errors="0" timestamp="2025-01-28T20:29:54 IST" skipped="0">
  <testcase classname="testClass.SubCategoryTest" name="verifyUserIsAbleToSearchSubCategory" time="7.449"/>
  <system-out/>
</testsuite> <!-- testClass.SubCategoryTest -->
