<?xml version="1.0" encoding="UTF-8"?>
<!-- Generated by org.testng.reporters.JUnitReportReporter -->
<testsuite hostname="LAPTOP-BNJ2H6K5" failures="0" tests="1" name="testClass.HomeTest" time="4.869" errors="0" timestamp="2025-01-15T12:25:24 IST" skipped="0">
  <testcase classname="testClass.HomeTest" name="verifyUserIsAbletoLogOut" time="4.869"/>
  <system-out/>
</testsuite> <!-- testClass.HomeTest -->
