<?xml version="1.0" encoding="UTF-8"?>
<!-- Generated by org.testng.reporters.JUnitReportReporter -->
<testsuite hostname="LAPTOP-BNJ2H6K5" failures="0" tests="1" name="TestClass.Base" time="10.504" errors="0" timestamp="2025-01-10T11:01:40 IST" skipped="0">
  <testcase classname="TestClass.Base" name="beforeMethod" time="10.504"/>
  <system-out/>
</testsuite> <!-- TestClass.Base -->
